2012-01-19 22:58:55+0000 [scrapy] INFO: Scrapy 0.14.1 started (bot: dealscrape)
2012-01-19 22:58:55+0000 [scrapy] DEBUG: Enabled extensions: LogStats, TelnetConsole, CloseSpider, WebService, CoreStats, MemoryUsage, SpiderState
2012-01-19 22:58:55+0000 [scrapy] DEBUG: Enabled downloader middlewares: HttpAuthMiddleware, DownloadTimeoutMiddleware, UserAgentMiddleware, RetryMiddleware, DefaultHeadersMiddleware, RedirectMiddleware, CookiesMiddleware, HttpCompressionMiddleware, ChunkedTransferMiddleware, DownloaderStats, WebkitDownloader
2012-01-19 22:58:55+0000 [scrapy] DEBUG: Enabled spider middlewares: HttpErrorMiddleware, OffsiteMiddleware, RefererMiddleware, UrlLengthMiddleware, DepthMiddleware
2012-01-19 22:58:55+0000 [scrapy] DEBUG: Enabled item pipelines: ProcessPipeline, CategorizePipeline, DuplicatesPipeline, JSONExportPipeline, SolrPipeline
2012-01-19 22:58:55+0000 [streetdeal_sg] INFO: Spider opened
2012-01-19 22:58:55+0000 [streetdeal_sg] INFO: Crawled 0 pages (at 0 pages/min), scraped 0 items (at 0 items/min)
2012-01-19 22:58:55+0000 [scrapy] DEBUG: Telnet console listening on 0.0.0.0:6023
2012-01-19 22:58:55+0000 [scrapy] DEBUG: Web service listening on 0.0.0.0:6080
2012-01-19 22:58:57+0000 [streetdeal_sg] DEBUG: Crawled (200) <GET http://www.streetdeal.sg> (referer: None)
2012-01-19 22:58:59+0000 [streetdeal_sg] DEBUG: Crawled (200) <GET http://www.streetdeal.sg/deals/view/1007/0/SGD155_for_4D3N_Krabi_Thailand_.html> (referer: http://www.streetdeal.sg)
2012-01-19 22:59:11+0000 [streetdeal_sg] DEBUG: Crawled (200) <GET http://www.streetdeal.sg/deals/view/969/0/LAST_DAY_SGD98_for_12-months_UNLIMITED_Upperlip_AND_Underarms_IPL_Permanent_Hair_Removal_Pretty_360_Dhoby_Gaut.html> (referer: http://www.streetdeal.sg)
2012-01-19 22:59:11+0000 [streetdeal_sg] DEBUG: Crawled (200) <GET http://www.streetdeal.sg/deals/view/956/0/Ends_Today_SGD10_for_Delta_Nano_Hygiene_-_Revolutionary_Household_Hygiene_Spray.html> (referer: http://www.streetdeal.sg)
2012-01-19 22:59:11+0000 [streetdeal_sg] DEBUG: Crawled (200) <GET http://www.streetdeal.sg/deals/view/964/0/LAST_DAY_CNY_Special_SGD10.90_for_4_Skin_Indulgence_Asian_Skin_Solution_3_central_outlets.html> (referer: http://www.streetdeal.sg)
2012-01-19 22:59:11+0000 [streetdeal_sg] DEBUG: Crawled (200) <GET http://www.streetdeal.sg/deals/view/974/0/SGD6_for_Slimming_Toe_Rings.html> (referer: http://www.streetdeal.sg)
2012-01-19 22:59:11+0000 [streetdeal_sg] DEBUG: Crawled (200) <GET http://www.streetdeal.sg/deals/view/972/0/SGD11_for_Stylus_Touch_Pen._3_Designs_Available.html> (referer: http://www.streetdeal.sg)
2012-01-19 22:59:11+0000 [streetdeal_sg] DEBUG: Crawled (200) <GET http://www.streetdeal.sg/deals/view/976/0/SGD59.90_for_HELLO_KITTY_Mini_Mahjong_Set.html> (referer: http://www.streetdeal.sg)
2012-01-19 22:59:11+0000 [streetdeal_sg] DEBUG: Crawled (200) <GET http://www.streetdeal.sg/deals/view/971/0/71_percent_OFF_Hyaluronic_Acid_Ampoule_by_The_Skin_Professionals.html> (referer: http://www.streetdeal.sg)
2012-01-19 22:59:11+0000 [streetdeal_sg] DEBUG: Crawled (200) <GET http://www.streetdeal.sg/deals/view/977/0/50_percent_off_Grill-Out_Steakhouse_cash_voucher_Sunset_Way._Only_25_instead_of_50.html> (referer: http://www.streetdeal.sg)
2012-01-19 22:59:11+0000 [streetdeal_sg] DEBUG: Crawled (200) <GET http://www.streetdeal.sg/deals/view/975/0/SGD38_for_FOUR_Beginners_Introductory_GUITAR_Lessons_United_Music_East_Coast.html> (referer: http://www.streetdeal.sg)
2012-01-19 22:59:11+0000 [streetdeal_sg] DEBUG: Crawled (200) <GET http://www.streetdeal.sg/deals/view/966/0/SGD17.50_for_Basic_Pet_Grooming_Happy_Pawz.html> (referer: http://www.streetdeal.sg)
2012-01-19 22:59:11+0000 [streetdeal_sg] DEBUG: Crawled (200) <GET http://www.streetdeal.sg/deals/view/965/0/45_percent_OFF_3D2N_GENTING_HIGHLANDS_with_Hotel_SVIP_Coach_Buffet_Breakfast.html> (referer: http://www.streetdeal.sg)
2012-01-19 22:59:11+0000 [streetdeal_sg] DEBUG: Crawled (200) <GET http://www.streetdeal.sg/deals/view/954/0/SGD13_for_Colour_Changing_Nail_Lacquer.html> (referer: http://www.streetdeal.sg)
2012-01-19 22:59:11+0000 [streetdeal_sg] DEBUG: Crawled (200) <GET http://www.streetdeal.sg/deals/view/944/0/53_percent_off_Food_Voucher_on_Authentic_Indian_Cuisine_at_BOAT_QUAY.html> (referer: http://www.streetdeal.sg)
2012-01-19 22:59:11+0000 [streetdeal_sg] DEBUG: Crawled (200) <GET http://www.streetdeal.sg/deals/view/968/0/46_percent_OFF_2D1N_BINTAN_with_Resort_Stay_Return_Ferry_Return_Land_Transfer_Breakfast_PERKS.html> (referer: http://www.streetdeal.sg)
2012-01-19 22:59:11+0000 [streetdeal_sg] DEBUG: Crawled (200) <GET http://www.streetdeal.sg/deals/view/989/0/SGD8.80_to_get_from_Mini_Package_to_Busts_Perfection_Tokyo_Bust_Express_.html> (referer: http://www.streetdeal.sg)
2012-01-19 22:59:11+0000 [streetdeal_sg] DEBUG: Crawled (200) <GET http://www.streetdeal.sg/deals/view/988/0/SGD9_for_Professional_Grooming_Brush_for_Pets_.html> (referer: http://www.streetdeal.sg)
2012-01-19 22:59:12+0000 [streetdeal_sg] DEBUG: Scraped from <200 http://www.streetdeal.sg/deals/view/1007/0/SGD155_for_4D3N_Krabi_Thailand_.html>
	{'bought': 0,
	 'category': 'travel',
	 'determined_source': u'Singapore 189649',
	 'discount': u'37',
	 'expiry': 1327075200,
	 'imgsrc': u'http://www.streetdeal.sg/images/deals/685402470638955.jpg',
	 'location': '1.302212,103.852496',
	 'merchant': u'AX Exotic Travels',
	 'original_source': u'\n                                                175 Bencoolen Street,Burlington Square #01-25,\n                                                Singapore 189649',
	 'price': u'155',
	 'title': u'Go to Krabi Thailand for just $155! Stay 4D3N @ 4* Krabi La Playa Hotel + Daily Breakfast + Return Airport Transfer + City Tour with Lunch + 1day Krabi Island-Hopping Tour by Long Tail Boat with Picnic Lunch. (Min 2 to go)',
	 'url': 'http://www.streetdeal.sg/deals/view/1007/0/SGD155_for_4D3N_Krabi_Thailand_.html'}
2012-01-19 23:03:17+0000 [scrapy] INFO: Received SIGTERM, shutting down gracefully. Send again to force unclean shutdown
2012-01-19 23:04:59+0000 [streetdeal_sg] INFO: Closing spider (shutdown)
2012-01-19 23:04:59+0000 [streetdeal_sg] DEBUG: Crawled (200) <GET http://www.streetdeal.sg/deals/view/980/0/SGD49_for_Elegant_Four-Leaf_Clover_Matching_Necklace_Bracelet_Set.html> (referer: http://www.streetdeal.sg)
2012-01-19 23:04:59+0000 [streetdeal_sg] DEBUG: Crawled (200) <GET http://www.streetdeal.sg/deals/view/986/0/SGD22_for_Classic_Gelish_Mani_Free_Soak_Off_Classic_Mani_Pedi_Elva_Beauty_Palace_Clementi.html> (referer: http://www.streetdeal.sg)
2012-01-19 23:04:59+0000 [streetdeal_sg] DEBUG: Crawled (200) <GET http://www.streetdeal.sg/deals/view/982/0/SGD22_for_RF_Facial_Brazilian_Waxing_Spatique_Bedok.html> (referer: http://www.streetdeal.sg)
2012-01-19 23:04:59+0000 [streetdeal_sg] INFO: Crawled 21 pages (at 21 pages/min), scraped 1 items (at 1 items/min)
2012-01-19 23:04:59+0000 [streetdeal_sg] DEBUG: Crawled (200) <GET http://www.streetdeal.sg/deals/view/997/0/SGD48_for_Car_Grooming_by_Auto_Pflege_Specialist.html> (referer: http://www.streetdeal.sg)
2012-01-19 23:04:59+0000 [streetdeal_sg] DEBUG: Crawled (200) <GET http://www.streetdeal.sg/deals/view/993/0/Essensuals_Hairdressing_By_ToniGuy_SGD70_for_Style_Director_Hair_Cut_Treatment_Wash_Blow_Orchard.html> (referer: http://www.streetdeal.sg)
2012-01-19 23:04:59+0000 [streetdeal_sg] DEBUG: Crawled (200) <GET http://www.streetdeal.sg/deals/view/992/0/Essensuals_Hairdressing_By_ToniGuy_SGD32_for_Style_Director_Hair_Cut_Wash_Blow_Orchard.html> (referer: http://www.streetdeal.sg)
2012-01-19 23:04:59+0000 [streetdeal_sg] DEBUG: Crawled (200) <GET http://www.streetdeal.sg/deals/view/990/0/SGD75_for_2D1N_Batam_All-inclusive_.html> (referer: http://www.streetdeal.sg)
2012-01-19 23:04:59+0000 [streetdeal_sg] DEBUG: Crawled (200) <GET http://www.streetdeal.sg/deals/view/978/0/SGD24_for_4_Fat_Buster_Slimming_Sessions_Our_Solution_Clementi.html> (referer: http://www.streetdeal.sg)
2012-01-19 23:04:59+0000 [streetdeal_sg] DEBUG: Crawled (200) <GET http://www.streetdeal.sg/deals/view/970/0/SGD39.95_for_Supor_50YA5_Rice_Cooker_Harvey_Norman_Millenia_Walk.html> (referer: http://www.streetdeal.sg)
2012-01-19 23:04:59+0000 [streetdeal_sg] DEBUG: Crawled (200) <GET http://www.streetdeal.sg/deals/view/1004/0/59_percent_off_5D4N_Parkroyal_Hotel_Kuala_Lumpur_Stay.html> (referer: http://www.streetdeal.sg)
2012-01-19 23:04:59+0000 [streetdeal_sg] DEBUG: Crawled (200) <GET http://www.streetdeal.sg/deals/view/1003/0/SGD38_for_2_Sessions_of_Eyelash_Extensions_Eyelash_Perming_JEF_Salon_3_outlets_Bukit_Timah_Fajar.html> (referer: http://www.streetdeal.sg)
2012-01-19 23:04:59+0000 [streetdeal_sg] DEBUG: Crawled (200) <GET http://www.streetdeal.sg/deals/view/1001/0/SGD22_for_Goldfish_Rhinestone_Crystal_Pendant_Necklace.html> (referer: http://www.streetdeal.sg)
2012-01-19 23:04:59+0000 [streetdeal_sg] DEBUG: Crawled (200) <GET http://www.streetdeal.sg/deals/view/1000/0/SGD39.90_for_18K_GoldWhite_Gold-Plated_Brilliant_Cut_Zirconia_Necklace_Earrings_Jewelry_Set.html> (referer: http://www.streetdeal.sg)
2012-01-19 23:04:59+0000 [streetdeal_sg] DEBUG: Crawled (200) <GET http://www.streetdeal.sg/deals/view/996/0/SGD45_for_3_Sessions_of_Underarms_Whitening_Treatment_3G_Underarms_Waxing_Citrus_Exfoliant_Extraction_Soothing_Rub_Whitening_Mask_Our_Solution_Clementi.html> (referer: http://www.streetdeal.sg)
2012-01-19 23:04:59+0000 [streetdeal_sg] DEBUG: Crawled (200) <GET http://www.streetdeal.sg/deals/view/998/0/SGD28_for_60min_Orange_Spa_Full_Body_Massage_Orange_Back_Scrub_Spa_Dor_Raffles_City.html> (referer: http://www.streetdeal.sg)
2012-01-19 23:04:59+0000 [streetdeal_sg] DEBUG: Crawled (200) <GET http://www.streetdeal.sg/deals/view/987/0/64_percent_off_Automatic_Remote-Controlled_Laundry_Hanger_with_Delivery_Installation.html> (referer: http://www.streetdeal.sg)
2012-01-19 23:04:59+0000 [streetdeal_sg] DEBUG: Scraped from <200 http://www.streetdeal.sg/deals/view/969/0/LAST_DAY_SGD98_for_12-months_UNLIMITED_Upperlip_AND_Underarms_IPL_Permanent_Hair_Removal_Pretty_360_Dhoby_Gaut.html>
	{'bought': 29,
	 'category': 'beauty',
	 'determined_source': u'190 Clemenceau Ave, Singapore Shopping Centre, Singapore 239924',
	 'discount': u'95',
	 'expiry': 1327075200,
	 'imgsrc': u'http://www.streetdeal.sg/images/deals/564789257370277.jpg',
	 'location': '1.298132,103.844138',
	 'merchant': u'Pretty 360',
	 'original_source': u'\n                                                190 Clemenceau Avenue ,Singapore Shopping Centre #05-25,\n                                                Singapore 239924,Mon - Fri : 10.30am to 9pm,Sat : 10am to 6pm',
	 'price': u'98',
	 'title': u'LAST DAY ! BEST VALUE IPL COMBO DEAL: 12 Months UNLIMITED UpperLip + Underarms IPL Permanent Hair Removal at only $98 instead of $2000 @ Pretty 360, Dhoby Ghaut!',
	 'url': 'http://www.streetdeal.sg/deals/view/969/0/LAST_DAY_SGD98_for_12-months_UNLIMITED_Upperlip_AND_Underarms_IPL_Permanent_Hair_Removal_Pretty_360_Dhoby_Gaut.html'}
2012-01-19 23:05:00+0000 [streetdeal_sg] DEBUG: Scraped from <200 http://www.streetdeal.sg/deals/view/956/0/Ends_Today_SGD10_for_Delta_Nano_Hygiene_-_Revolutionary_Household_Hygiene_Spray.html>
	{'bought': 151,
	 'category': 'others',
	 'determined_source': None,
	 'discount': u'54',
	 'expiry': 1327075200,
	 'imgsrc': u'http://www.streetdeal.sg/images/deals/125424552718703.jpg',
	 'location': None,
	 'merchant': u'Delta Intercontinental Pte Ltd',
	 'original_source': u'\n                                                To redeem, please email deltaintercon@singnet.com.sg together with your Name, Contact no., Mailing address, StreetDeal voucher no. with voucher attached, and Quantity',
	 'price': u'10',
	 'title': u'Ends Today! Delta Nano Hygiene - Revolutionary Household Hygiene Spray. Kills 99.9% Bacteria, Viruses, Fungi, Algae &amp; removes Odor without chemicals + FREE Registered Mail at only $10!',
	 'url': 'http://www.streetdeal.sg/deals/view/956/0/Ends_Today_SGD10_for_Delta_Nano_Hygiene_-_Revolutionary_Household_Hygiene_Spray.html'}
2012-01-19 23:05:00+0000 [streetdeal_sg] DEBUG: Scraped from <200 http://www.streetdeal.sg/deals/view/964/0/LAST_DAY_CNY_Special_SGD10.90_for_4_Skin_Indulgence_Asian_Skin_Solution_3_central_outlets.html>
	{'bought': 185,
	 'category': 'travel',
	 'determined_source': u'Singapore 238896',
	 'discount': u'97',
	 'expiry': 1327075200,
	 'imgsrc': u'http://www.streetdeal.sg/images/deals/796568853971331.jpg',
	 'location': '1.300825,103.839808',
	 'merchant': u'Asian Skin Solution',
	 'original_source': u'\n                                                ,181 Orchard Road,\n                                                Singapore 238896  ',
	 'price': u'10.90',
	 'title': u'LAST DAY ! CNY Special! 4 Indulgence at only $10.90 instead of $380. Enjoy A Silky Milk Facial + Reviving Eye Treatment + Private Skin Analysis + Free New Year Pack @ 3 Central Locations.',
	 'url': 'http://www.streetdeal.sg/deals/view/964/0/LAST_DAY_CNY_Special_SGD10.90_for_4_Skin_Indulgence_Asian_Skin_Solution_3_central_outlets.html'}
2012-01-19 23:05:00+0000 [streetdeal_sg] DEBUG: Scraped from <200 http://www.streetdeal.sg/deals/view/974/0/SGD6_for_Slimming_Toe_Rings.html>
	{'bought': 335,
	 'category': 'beauty',
	 'determined_source': None,
	 'discount': u'50',
	 'expiry': 1327075200,
	 'imgsrc': u'http://www.streetdeal.sg/images/deals/569368210416619.jpg',
	 'location': None,
	 'merchant': u'Beauty Closets',
	 'original_source': u'\n                                                email: ',
	 'price': u'6',
	 'title': u"CNY RELAUNCH SPECIAL! 1-pair of Slimming Toe Rings from Beauty Closets @ just $6! Makes use of Magnetism, Acupressure Points &amp; Massage to stimulate weight loss As You Go. JAPAN'S TOP-SELLING PRODUCT!",
	 'url': 'http://www.streetdeal.sg/deals/view/974/0/SGD6_for_Slimming_Toe_Rings.html'}
2012-01-19 23:05:00+0000 [streetdeal_sg] DEBUG: Scraped from <200 http://www.streetdeal.sg/deals/view/972/0/SGD11_for_Stylus_Touch_Pen._3_Designs_Available.html>
	{'bought': 15,
	 'category': 'others',
	 'determined_source': None,
	 'discount': u'63',
	 'expiry': 1327075200,
	 'imgsrc': u'http://www.streetdeal.sg/images/deals/608074104275672.jpg',
	 'location': None,
	 'merchant': u'Elephant Deal Singapore',
	 'original_source': u'\n                                                ,Kindly forward a copy of StreetDeal voucher together with your Name, Email, Contact Number, Top 3 preferences (model and colour), Quantity and Shiping Address to , from ',
	 'price': u'11',
	 'title': u'Stylus Touch Pen at only $11 instead of $29.90 with Free Registered Mail! Responsive tip works on any touchscreen device - Stylish, lightweight &amp; user-friendly. 3 Designs Available',
	 'url': 'http://www.streetdeal.sg/deals/view/972/0/SGD11_for_Stylus_Touch_Pen._3_Designs_Available.html'}
2012-01-19 23:05:00+0000 [streetdeal_sg] DEBUG: Scraped from <200 http://www.streetdeal.sg/deals/view/976/0/SGD59.90_for_HELLO_KITTY_Mini_Mahjong_Set.html>
	{'bought': 33,
	 'category': 'travel',
	 'determined_source': None,
	 'discount': u'32',
	 'expiry': 1327075200,
	 'imgsrc': u'http://www.streetdeal.sg/images/deals/250695886556059.jpg',
	 'location': None,
	 'merchant': u'Luxe Beaute',
	 'original_source': u'\n                                                ,Email luxe_home@yahoo.com with StreetDeal Voucher attached. Please indicate your name, contact no., mailing address, and preferred delivery time slot',
	 'price': u'59.90',
	 'title': u'Luxe HELLO KITTY Mini Mahjong Set @ only $59.90 instead of $88 with Free Hello Kitty Travel Bag! Top up premium to bring home a Doraemon Mahjong Set!',
	 'url': 'http://www.streetdeal.sg/deals/view/976/0/SGD59.90_for_HELLO_KITTY_Mini_Mahjong_Set.html'}
2012-01-19 23:05:00+0000 [streetdeal_sg] DEBUG: Scraped from <200 http://www.streetdeal.sg/deals/view/971/0/71_percent_OFF_Hyaluronic_Acid_Ampoule_by_The_Skin_Professionals.html>
	{'bought': 56,
	 'category': 'beauty',
	 'determined_source': u'3791 Jalan Bukit Merah, Singapore 159471',
	 'discount': u'71',
	 'expiry': 1327075200,
	 'imgsrc': u'http://www.streetdeal.sg/images/deals/66536865718691.jpg',
	 'location': '1.285212,103.811531',
	 'merchant': u'The Skin Professionals',
	 'original_source': u'\n                                                E-Centre @ Redhill #10-05 ,3791 Jalan Bukit Merah,\n                                                Singapore 159471 ,Email: ',
	 'price': u'19.90',
	 'title': u'Hyaluronic Acid Ampoule by The Skin Professionals @ only $19.90 with Free Delivery! Combines Super Nano Technology for Powerful Anti-Aging &amp; Hydration!',
	 'url': 'http://www.streetdeal.sg/deals/view/971/0/71_percent_OFF_Hyaluronic_Acid_Ampoule_by_The_Skin_Professionals.html'}
2012-01-19 23:05:01+0000 [streetdeal_sg] DEBUG: Scraped from <200 http://www.streetdeal.sg/deals/view/977/0/50_percent_off_Grill-Out_Steakhouse_cash_voucher_Sunset_Way._Only_25_instead_of_50.html>
	{'bought': 32,
	 'category': 'others',
	 'determined_source': u'106 Clementi Street 12, Singapore 120106',
	 'discount': u'50',
	 'expiry': 1327075200,
	 'imgsrc': u'http://www.streetdeal.sg/images/deals/671764567727223.jpg',
	 'location': '1.321915,103.769815',
	 'merchant': u'Grill-Out Pte Ltd',
	 'original_source': u'\n                                                Blk 106 Clementi Street 12,#01-38E/50,\n                                                Singapore 120106',
	 'price': u'25',
	 'title': u'50% off Grill-Out Steakhouse cash voucher @ Sunset Way. Only $25 instead of $50',
	 'url': 'http://www.streetdeal.sg/deals/view/977/0/50_percent_off_Grill-Out_Steakhouse_cash_voucher_Sunset_Way._Only_25_instead_of_50.html'}
2012-01-19 23:05:01+0000 [streetdeal_sg] DEBUG: Scraped from <200 http://www.streetdeal.sg/deals/view/975/0/SGD38_for_FOUR_Beginners_Introductory_GUITAR_Lessons_United_Music_East_Coast.html>
	{'bought': 2,
	 'category': 'others',
	 'determined_source': u'136 E Coast Rd, Singapore 428821',
	 'discount': u'53',
	 'expiry': 1327075200,
	 'imgsrc': u'http://www.streetdeal.sg/images/deals/134898948993259.jpg',
	 'location': '1.3061295,103.9053852',
	 'merchant': u'United Music',
	 'original_source': u'\n                                                136 East Coast Road,#02-01,\n                                                Singapore 428821',
	 'price': u'38',
	 'title': u'GUITAR INTRODUCTORY COURSE @ Only $38! Effortlessly pick up guitar playing with FOUR 45min Lessons by EXPERIENCED MUSICIANS @ United Music, East Coast',
	 'url': 'http://www.streetdeal.sg/deals/view/975/0/SGD38_for_FOUR_Beginners_Introductory_GUITAR_Lessons_United_Music_East_Coast.html'}
2012-01-19 23:05:01+0000 [streetdeal_sg] DEBUG: Scraped from <200 http://www.streetdeal.sg/deals/view/966/0/SGD17.50_for_Basic_Pet_Grooming_Happy_Pawz.html>
	{'bought': 22,
	 'category': 'others',
	 'determined_source': u'2 Everton Park, Singapore 081002',
	 'discount': u'65',
	 'expiry': 1327014000,
	 'imgsrc': u'http://www.streetdeal.sg/images/deals/966770986443520.jpg',
	 'location': '1.277409,103.839334',
	 'merchant': u'Happy Pawz',
	 'original_source': u'\n                                                Blk 2, Everton Park,,#01-57,\n                                                Singapore 081002',
	 'price': u'17.50',
	 'title': u'$17.50 for Basic Pet Grooming by CALIFORNIA CERTIFIED GROOMER @ Happy Pawz!',
	 'url': 'http://www.streetdeal.sg/deals/view/966/0/SGD17.50_for_Basic_Pet_Grooming_Happy_Pawz.html'}
2012-01-19 23:05:01+0000 [streetdeal_sg] DEBUG: Scraped from <200 http://www.streetdeal.sg/deals/view/965/0/45_percent_OFF_3D2N_GENTING_HIGHLANDS_with_Hotel_SVIP_Coach_Buffet_Breakfast.html>
	{'bought': 16,
	 'category': 'travel',
	 'determined_source': u'5001 Beach Rd, Golden Mile Tower, Singapore 199588',
	 'discount': u'45',
	 'expiry': 1327075200,
	 'imgsrc': u'http://www.streetdeal.sg/images/deals/176888997200876.jpg',
	 'location': '1.302771,103.865172',
	 'merchant': u'Transtar Travel Pte Ltd',
	 'original_source': u'\n                                                ,5001 Beach Road,Golden Mile Complex, #01-12,\n                                                Singapore 199588',
	 'price': u'108',
	 'title': u'45% OFF 3D2N GENTING HIGHLANDS @ ONLY $108 By Transtar Travel with 2-nights stay at First World Hotel (Deluxe Room) + Return SVIP Coach + Buffet Breakfast!',
	 'url': 'http://www.streetdeal.sg/deals/view/965/0/45_percent_OFF_3D2N_GENTING_HIGHLANDS_with_Hotel_SVIP_Coach_Buffet_Breakfast.html'}
2012-01-19 23:05:01+0000 [streetdeal_sg] DEBUG: Scraped from <200 http://www.streetdeal.sg/deals/view/954/0/SGD13_for_Colour_Changing_Nail_Lacquer.html>
	{'bought': 36,
	 'category': 'beauty',
	 'determined_source': None,
	 'discount': u'35',
	 'expiry': 1327075200,
	 'imgsrc': u'http://www.streetdeal.sg/images/deals/325964001339598.jpg',
	 'location': None,
	 'merchant': u'Kleptomania',
	 'original_source': u'\n                                                ,Email kathleen.d@kleptomania-online.com together with your: Name, Contact No, Delivery Address, Choice of Colour Pair &amp; FULL StreetDeal Voucher No. with Voucher attached',
	 'price': u'13',
	 'title': u'Stylish COLOUR CHANGING Nail Lacquer by Blaze @ only $13 with Free Registered Mail. Changes Colour In The Sun! Available in 21 colours, min. 2 vouchers',
	 'url': 'http://www.streetdeal.sg/deals/view/954/0/SGD13_for_Colour_Changing_Nail_Lacquer.html'}
2012-01-19 23:05:01+0000 [streetdeal_sg] DEBUG: Scraped from <200 http://www.streetdeal.sg/deals/view/944/0/53_percent_off_Food_Voucher_on_Authentic_Indian_Cuisine_at_BOAT_QUAY.html>
	{'bought': 64,
	 'category': 'food',
	 'determined_source': u'49 Boat Quay, Singapore 049838',
	 'discount': u'53',
	 'expiry': 1327075200,
	 'imgsrc': u'http://www.streetdeal.sg/images/deals/44155733595670.jpg',
	 'location': '1.286911,103.849324',
	 'merchant': u'Indian House Boat Quay',
	 'original_source': u'\n                                                49 Boat Quay,\n                                                Singapore 049838',
	 'price': u'14',
	 'title': u'GOOD FOOD AT GOOD PRICE! $30 Food Voucher on Authentic Indian Cuisine BY THE RIVERFRONT for only $14 @ Indian House of Boat Quay + 15% off Additional Food Order',
	 'url': 'http://www.streetdeal.sg/deals/view/944/0/53_percent_off_Food_Voucher_on_Authentic_Indian_Cuisine_at_BOAT_QUAY.html'}
2012-01-19 23:05:01+0000 [streetdeal_sg] DEBUG: Scraped from <200 http://www.streetdeal.sg/deals/view/968/0/46_percent_OFF_2D1N_BINTAN_with_Resort_Stay_Return_Ferry_Return_Land_Transfer_Breakfast_PERKS.html>
	{'bought': 10,
	 'category': 'travel',
	 'determined_source': u'Singapore 179103',
	 'discount': u'46',
	 'expiry': 1327075200,
	 'imgsrc': u'http://www.streetdeal.sg/images/deals/407325262203813.jpg',
	 'location': '1.294094,103.853179',
	 'merchant': u'Lokopoko Pte Ltd',
	 'original_source': u'\n                                                ,252 North Bridge Road,\n                                                Singapore 179103',
	 'price': u'97',
	 'title': u'46% OFF 2D1N BINTAN Beach Getaway @ Only $97 with 1-night stay at Nirwana Beach Club + Return Ferry Tickets + Return Land Transfer + Breakfast + Free Archery/Rifle Shooting/Bowling',
	 'url': 'http://www.streetdeal.sg/deals/view/968/0/46_percent_OFF_2D1N_BINTAN_with_Resort_Stay_Return_Ferry_Return_Land_Transfer_Breakfast_PERKS.html'}
2012-01-19 23:05:01+0000 [streetdeal_sg] DEBUG: Scraped from <200 http://www.streetdeal.sg/deals/view/989/0/SGD8.80_to_get_from_Mini_Package_to_Busts_Perfection_Tokyo_Bust_Express_.html>
	{'bought': 28,
	 'category': 'beauty',
	 'determined_source': u'Singapore 238896',
	 'discount': u'98',
	 'expiry': 1327075200,
	 'imgsrc': u'http://www.streetdeal.sg/images/deals/47154243420618.jpg',
	 'location': '1.300825,103.839808',
	 'merchant': u'Tokyo Bust Express',
	 'original_source': u'\n                                                181 Orchard Road,#08-07 Orchard Central,\n                                                Singapore 238896',
	 'price': u'8.80',
	 'title': u'CNY Exclusive! Mini Package to Busts Perfection at only $8.80 instead of $580 for: 2 Sessions of Kou You Volumiser Therapy + 2 Daizu Maxi Enhancer Treatment + Private Bust Analysis + Complimentary CNY Pack @Tokyo Bust Express (3 Central Outlets)',
	 'url': 'http://www.streetdeal.sg/deals/view/989/0/SGD8.80_to_get_from_Mini_Package_to_Busts_Perfection_Tokyo_Bust_Express_.html'}
2012-01-19 23:05:01+0000 [streetdeal_sg] DEBUG: Scraped from <200 http://www.streetdeal.sg/deals/view/988/0/SGD9_for_Professional_Grooming_Brush_for_Pets_.html>
	{'bought': 10,
	 'category': 'beauty',
	 'determined_source': u'Singapore 768441',
	 'discount': u'63',
	 'expiry': 1327075200,
	 'imgsrc': u'http://www.streetdeal.sg/images/deals/13981022525203.jpg',
	 'location': '1.439108,103.840525',
	 'merchant': u'Inter Gifts &amp; Amenities Choixes',
	 'original_source': u'\n                                                1 Yishun St 23,YS-ONE #03-02,\n                                                Singapore 768441',
	 'price': u'9',
	 'title': u'$9 for Professional Pet Grooming Brush! 360 Degree Adjustable Rotating Head with Easy Fur Removal at a Flip!',
	 'url': 'http://www.streetdeal.sg/deals/view/988/0/SGD9_for_Professional_Grooming_Brush_for_Pets_.html'}
2012-01-19 23:05:02+0000 [streetdeal_sg] DEBUG: Scraped from <200 http://www.streetdeal.sg/deals/view/980/0/SGD49_for_Elegant_Four-Leaf_Clover_Matching_Necklace_Bracelet_Set.html>
	{'bought': 2,
	 'category': 'others',
	 'determined_source': u'Bukit Timah Rd, Singapore',
	 'discount': u'67',
	 'expiry': 1327075200,
	 'imgsrc': u'http://www.streetdeal.sg/images/deals/345312706539337.jpg',
	 'location': '1.322746,103.814177',
	 'merchant': u'Adomare',
	 'original_source': u'\n                                                ,Cluny Court #02-35,501 Bukit Timah Rd,,\n                                                Singapore 259760',
	 'price': u'49',
	 'title': u'Perfectly Elegant V-day gift! Four-Leaf Clover Matching Necklace + Bracelet Set @ only $49! 18k White Gold / Gold-Plated &amp; Genuine Mother of Pearl / Bijoux Onyx Setting',
	 'url': 'http://www.streetdeal.sg/deals/view/980/0/SGD49_for_Elegant_Four-Leaf_Clover_Matching_Necklace_Bracelet_Set.html'}
2012-01-19 23:05:02+0000 [streetdeal_sg] DEBUG: Scraped from <200 http://www.streetdeal.sg/deals/view/986/0/SGD22_for_Classic_Gelish_Mani_Free_Soak_Off_Classic_Mani_Pedi_Elva_Beauty_Palace_Clementi.html>
	{'bought': 84,
	 'category': 'beauty',
	 'determined_source': u'442 Clementi Avenue 3, Singapore 120442',
	 'discount': u'79',
	 'expiry': 1327075200,
	 'imgsrc': u'http://www.streetdeal.sg/images/deals/54210843209331.jpg',
	 'location': '1.313851,103.764381',
	 'merchant': u'Elva Beauty Palace',
	 'original_source': u'\n                                                Blk 442 Clementi Ave 3,#01-111,\n                                                Singapore 120442,Email: ',
	 'price': u'22',
	 'title': u'$22 for Classic Gelish Mani + Free Soak Off / Classic Mani + Pedi @ Elva Beauty Palace, Clementi',
	 'url': 'http://www.streetdeal.sg/deals/view/986/0/SGD22_for_Classic_Gelish_Mani_Free_Soak_Off_Classic_Mani_Pedi_Elva_Beauty_Palace_Clementi.html'}
2012-01-19 23:05:03+0000 [streetdeal_sg] DEBUG: Scraped from <200 http://www.streetdeal.sg/deals/view/982/0/SGD22_for_RF_Facial_Brazilian_Waxing_Spatique_Bedok.html>
	{'bought': 13,
	 'category': 'beauty',
	 'determined_source': u'204 Bedok North Street 1, Singapore',
	 'discount': u'83',
	 'expiry': 1327075200,
	 'imgsrc': u'http://www.streetdeal.sg/images/deals/439055757371571.jpg',
	 'location': '1.3264408,103.9301972',
	 'merchant': u'Spatique Pte Ltd',
	 'original_source': u'\n                                                @ Bedok,Blk 204 Bedok North ST 1, #1-421,\n                                                Singapore 260204,Email: contact@spador.com.sg',
	 'price': u'22',
	 'title': u'$22 for RF Facial + Eye Care &amp; Neck Care / Brazilian Waxing @ Spatique, Bedok',
	 'url': 'http://www.streetdeal.sg/deals/view/982/0/SGD22_for_RF_Facial_Brazilian_Waxing_Spatique_Bedok.html'}
2012-01-19 23:05:03+0000 [streetdeal_sg] DEBUG: Scraped from <200 http://www.streetdeal.sg/deals/view/997/0/SGD48_for_Car_Grooming_by_Auto_Pflege_Specialist.html>
	{'bought': 5,
	 'category': 'beauty',
	 'determined_source': u'Singapore 658064',
	 'discount': u'63',
	 'expiry': 1327075200,
	 'imgsrc': u'http://www.streetdeal.sg/images/deals/320538662889870.jpg',
	 'location': '1.338223,103.759554',
	 'merchant': u'Auto Pflege Specialist',
	 'original_source': u'\n                                                1 Bukit Batok Crescent,,#02-11 WCEGA Plaza,,\n                                                Singapore 658064',
	 'price': u'48',
	 'title': u'$48 for Professional Car Grooming + Car Wash + Interior Cleaning + Polish Sealant + Windscreen Smoothening by Auto Pflege Specialist',
	 'url': 'http://www.streetdeal.sg/deals/view/997/0/SGD48_for_Car_Grooming_by_Auto_Pflege_Specialist.html'}
2012-01-19 23:05:03+0000 [streetdeal_sg] DEBUG: Scraped from <200 http://www.streetdeal.sg/deals/view/993/0/Essensuals_Hairdressing_By_ToniGuy_SGD70_for_Style_Director_Hair_Cut_Treatment_Wash_Blow_Orchard.html>
	{'bought': 2,
	 'category': 'beauty',
	 'determined_source': u'Singapore 238896',
	 'discount': u'45',
	 'expiry': 1327075200,
	 'imgsrc': u'http://www.streetdeal.sg/images/deals/444581158630547.jpg',
	 'location': '1.300825,103.839808',
	 'merchant': u'Essensuals Hairdressing by Toni&amp;Guy',
	 'original_source': u'\n                                                Orchard Central B1-20,181 Orchard Road,,\n                                                Singapore 238896',
	 'price': u'70',
	 'title': u'Essensuals Hairdressing By Toni&amp;Guy: $70 instead of $128 for Style Director Hair Cut + Treatment + Wash + Blow @ Orchard!',
	 'url': 'http://www.streetdeal.sg/deals/view/993/0/Essensuals_Hairdressing_By_ToniGuy_SGD70_for_Style_Director_Hair_Cut_Treatment_Wash_Blow_Orchard.html'}
2012-01-19 23:05:03+0000 [streetdeal_sg] DEBUG: Scraped from <200 http://www.streetdeal.sg/deals/view/992/0/Essensuals_Hairdressing_By_ToniGuy_SGD32_for_Style_Director_Hair_Cut_Wash_Blow_Orchard.html>
	{'bought': 15,
	 'category': 'beauty',
	 'determined_source': u'Singapore 238896',
	 'discount': u'45',
	 'expiry': 1327075200,
	 'imgsrc': u'http://www.streetdeal.sg/images/deals/840638457473173.jpg',
	 'location': '1.300825,103.839808',
	 'merchant': u'Essensuals Hairdressing by Toni&amp;Guy',
	 'original_source': u'\n                                                Orchard Central B1-20,181 Orchard Road,,\n                                                Singapore 238896',
	 'price': u'32',
	 'title': u'Essensuals Hairdressing By Toni&amp;Guy: $32 instead of $58 for Style Director Hair Cut + Wash + Blow @ Orchard!',
	 'url': 'http://www.streetdeal.sg/deals/view/992/0/Essensuals_Hairdressing_By_ToniGuy_SGD32_for_Style_Director_Hair_Cut_Wash_Blow_Orchard.html'}
2012-01-19 23:05:04+0000 [streetdeal_sg] DEBUG: Scraped from <200 http://www.streetdeal.sg/deals/view/990/0/SGD75_for_2D1N_Batam_All-inclusive_.html>
	{'bought': 9,
	 'category': 'travel',
	 'determined_source': u'Sinaran Dr, Singapore',
	 'discount': u'46',
	 'expiry': 1327075200,
	 'imgsrc': u'http://www.streetdeal.sg/images/deals/188467096959644.jpg',
	 'location': '1.3205599,103.843621',
	 'merchant': u'Exclusive Tours and Travel',
	 'original_source': u'\n                                                10 Sinaran Drive ,#03-45 Square 2,\n                                                Singapore 307506',
	 'price': u'75',
	 'title': u'LOOSEN UP THOSE TENSED MUSCLES! 2D1N Batam with 1-night stay @ International 4* Harmoni One Hotel + 2-way Ferry + Land Transfer + Tour + Seafood Lunch + Breakfast + 60min Massage &amp; Perks! FOR JUST $75pp ONLY!',
	 'url': 'http://www.streetdeal.sg/deals/view/990/0/SGD75_for_2D1N_Batam_All-inclusive_.html'}
2012-01-19 23:05:05+0000 [streetdeal_sg] DEBUG: Scraped from <200 http://www.streetdeal.sg/deals/view/978/0/SGD24_for_4_Fat_Buster_Slimming_Sessions_Our_Solution_Clementi.html>
	{'bought': 5,
	 'category': 'beauty',
	 'determined_source': u'Singapore 120449',
	 'discount': u'93',
	 'expiry': 1327075200,
	 'imgsrc': u'http://www.streetdeal.sg/images/deals/545466043222948.jpg',
	 'location': '1.313228,103.765004',
	 'merchant': u'Our Solution',
	 'original_source': u'\n                                                Blk 449 Clementi Ave 3,#01-219 (2nd Floor),\n                                                Singapore 120449,Tue-Fri: 10.30am to 9.30pm,Sat: 10.30am to 7.30pm,Sun: 10.30am to 6.30pm',
	 'price': u'24',
	 'title': u'$24 for 4 Fat Buster Slimming Sessions @ Our Solution, Clementi. Slim Down Tummy/ Arms/ Thighs/ Buttocks',
	 'url': 'http://www.streetdeal.sg/deals/view/978/0/SGD24_for_4_Fat_Buster_Slimming_Sessions_Our_Solution_Clementi.html'}
2012-01-19 23:05:05+0000 [streetdeal_sg] DEBUG: Scraped from <200 http://www.streetdeal.sg/deals/view/970/0/SGD39.95_for_Supor_50YA5_Rice_Cooker_Harvey_Norman_Millenia_Walk.html>
	{'bought': 26,
	 'category': 'food',
	 'determined_source': u'9 Raffles Blvd, Millenia Tower, Singapore 039596',
	 'discount': u'50',
	 'expiry': 1327075200,
	 'imgsrc': u'http://www.streetdeal.sg/images/deals/233159500872716.jpg',
	 'location': '1.292683,103.859811',
	 'merchant': u'Harvey Norman',
	 'original_source': u'\n                                                ,No. 9 Raffles Boulevard,,#02-57 to 62,,\n                                                Singapore 039596,10.30am to 9.30pm, daily',
	 'price': u'39.95',
	 'title': u'50% off Supor 50YA5 1.8-Litre Multi-Function Rice Cooker @ only $39.95. Cooks Rice, Congee, &amp; Soup, with Steam &amp; Auto Keep Warm Functions! Convenient central collection @ Harvey Norman, Millenia Walk. Limited Stocks available!',
	 'url': 'http://www.streetdeal.sg/deals/view/970/0/SGD39.95_for_Supor_50YA5_Rice_Cooker_Harvey_Norman_Millenia_Walk.html'}
2012-01-19 23:05:05+0000 [streetdeal_sg] DEBUG: Scraped from <200 http://www.streetdeal.sg/deals/view/1004/0/59_percent_off_5D4N_Parkroyal_Hotel_Kuala_Lumpur_Stay.html>
	{'bought': 4,
	 'category': 'entertainment',
	 'determined_source': None,
	 'discount': u'59',
	 'expiry': 1327075200,
	 'imgsrc': u'http://www.streetdeal.sg/images/deals/500453730468346.jpg',
	 'location': None,
	 'merchant': u'Explura.com.my',
	 'original_source': u'\n                                                ,support@explura.com',
	 'price': u'340',
	 'title': u'UNBELIEVABLE OFFER! 5D4N Parkroyal Hotel Kuala Lumpur Holiday includes: 4-nights stay + Breakfast + Sunway Lagoon Theme Park Tour + Genting Highlands Tour + Return Cable Car + 1-Day Unlimited LRT, Monorail &amp; Bus Rides. Only $340 instead of $824!',
	 'url': 'http://www.streetdeal.sg/deals/view/1004/0/59_percent_off_5D4N_Parkroyal_Hotel_Kuala_Lumpur_Stay.html'}
2012-01-19 23:05:05+0000 [streetdeal_sg] DEBUG: Scraped from <200 http://www.streetdeal.sg/deals/view/1003/0/SGD38_for_2_Sessions_of_Eyelash_Extensions_Eyelash_Perming_JEF_Salon_3_outlets_Bukit_Timah_Fajar.html>
	{'bought': 15,
	 'category': 'travel',
	 'determined_source': u'445 Fajar Rd, Fajar Shopping Centre, Singapore 670445',
	 'discount': u'78',
	 'expiry': 1327075200,
	 'imgsrc': u'http://www.streetdeal.sg/images/deals/847005717231109.jpg',
	 'location': '1.383745,103.770755',
	 'merchant': u'JEF Salon',
	 'original_source': u'\n                                                Blk 445 Fajar Road,,Fajar Shopping Centre #02-536,\n                                                Singapore 670445',
	 'price': u'38',
	 'title': u'Bring a friend along or enjoy 2 Sessions of Eyelash Extensions / Eyelash Perming for only $38 @ JEF Salon (3 outlets @ Bukit Timah &amp; Fajar)',
	 'url': 'http://www.streetdeal.sg/deals/view/1003/0/SGD38_for_2_Sessions_of_Eyelash_Extensions_Eyelash_Perming_JEF_Salon_3_outlets_Bukit_Timah_Fajar.html'}
2012-01-19 23:05:05+0000 [streetdeal_sg] DEBUG: Scraped from <200 http://www.streetdeal.sg/deals/view/1001/0/SGD22_for_Goldfish_Rhinestone_Crystal_Pendant_Necklace.html>
	{'bought': 5,
	 'category': 'others',
	 'determined_source': u'Singapore 199591',
	 'discount': u'72',
	 'expiry': 1327075200,
	 'imgsrc': u'http://www.streetdeal.sg/images/deals/431232931867970.jpg',
	 'location': '1.30019,103.86109',
	 'merchant': u'Her Jewellery',
	 'original_source': u'\n                                                7500A Beach Road,The Plaza,\n                                                Singapore: 199591',
	 'price': u'22',
	 'title': u'Gorgeous Goldfish Rhinestone Pendant @ only $22! 18K Gold-Plated with Stunning Crystals &amp; Adjustable Chain. Free Registered Mail!',
	 'url': 'http://www.streetdeal.sg/deals/view/1001/0/SGD22_for_Goldfish_Rhinestone_Crystal_Pendant_Necklace.html'}
2012-01-19 23:05:05+0000 [streetdeal_sg] DEBUG: Scraped from <200 http://www.streetdeal.sg/deals/view/1000/0/SGD39.90_for_18K_GoldWhite_Gold-Plated_Brilliant_Cut_Zirconia_Necklace_Earrings_Jewelry_Set.html>
	{'bought': 6,
	 'category': 'travel',
	 'determined_source': u'Singapore 199591',
	 'discount': u'60',
	 'expiry': 1327075200,
	 'imgsrc': u'http://www.streetdeal.sg/images/deals/417474957421596.jpg',
	 'location': '1.30019,103.86109',
	 'merchant': u'Her Jewellery',
	 'original_source': u'\n                                                7500A Beach Road,The Plaza,\n                                                Singapore: 199591',
	 'price': u'39.90',
	 'title': u'Luxurious 18K Gold-Plated Brilliant-Cut Zirconia Pendant + Necklace @ only $39.90 with Free: 1 pair of Stunning 18K White Gold-Plated Earrings + Velvet Sweetheart Box + Registered Mail',
	 'url': 'http://www.streetdeal.sg/deals/view/1000/0/SGD39.90_for_18K_GoldWhite_Gold-Plated_Brilliant_Cut_Zirconia_Necklace_Earrings_Jewelry_Set.html'}
2012-01-19 23:05:06+0000 [streetdeal_sg] DEBUG: Scraped from <200 http://www.streetdeal.sg/deals/view/996/0/SGD45_for_3_Sessions_of_Underarms_Whitening_Treatment_3G_Underarms_Waxing_Citrus_Exfoliant_Extraction_Soothing_Rub_Whitening_Mask_Our_Solution_Clementi.html>
	{'bought': 12,
	 'category': 'beauty',
	 'determined_source': u'Singapore 120449',
	 'discount': u'91',
	 'expiry': 1327075200,
	 'imgsrc': u'http://www.streetdeal.sg/images/deals/645510417217330.jpg',
	 'location': '1.313228,103.765004',
	 'merchant': u'Our Solution',
	 'original_source': u'\n                                                Blk 449 Clementi Ave 3,#01-219 (2nd Floor),\n                                                Singapore 120449,Tue-Fri: 10.30am to 9.30pm,Sat: 10.30am to 7.30pm,Sun: 10.30am to 6.30pm',
	 'price': u'45',
	 'title': u'$45 for 3 Sessions of: Underarms Whitening Treatment + 3G Underarms Waxing + Citrus Exfoliant  + Extraction + Soothing Rub + Whitening Mask @ Our Solution, Clementi',
	 'url': 'http://www.streetdeal.sg/deals/view/996/0/SGD45_for_3_Sessions_of_Underarms_Whitening_Treatment_3G_Underarms_Waxing_Citrus_Exfoliant_Extraction_Soothing_Rub_Whitening_Mask_Our_Solution_Clementi.html'}
2012-01-19 23:05:06+0000 [streetdeal_sg] DEBUG: Scraped from <200 http://www.streetdeal.sg/deals/view/998/0/SGD28_for_60min_Orange_Spa_Full_Body_Massage_Orange_Back_Scrub_Spa_Dor_Raffles_City.html>
	{'bought': 72,
	 'category': 'beauty',
	 'determined_source': None,
	 'discount': u'83',
	 'expiry': 1327075200,
	 'imgsrc': u'http://www.streetdeal.sg/images/deals/172960620332749.jpg',
	 'location': None,
	 'merchant': u"Spa D'or",
	 'original_source': u'\n                                                ,Raffles City Shopping Centre ,#02-15 ',
	 'price': u'28',
	 'title': u"$28 for 60min Orange Spa Full Body Massage + Orange Back Scrub @ Spa D'or, Raffles City",
	 'url': 'http://www.streetdeal.sg/deals/view/998/0/SGD28_for_60min_Orange_Spa_Full_Body_Massage_Orange_Back_Scrub_Spa_Dor_Raffles_City.html'}
2012-01-19 23:05:06+0000 [streetdeal_sg] DEBUG: Scraped from <200 http://www.streetdeal.sg/deals/view/987/0/64_percent_off_Automatic_Remote-Controlled_Laundry_Hanger_with_Delivery_Installation.html>
	{'bought': 2,
	 'category': 'others',
	 'determined_source': u'1078 Eunos Avenue 6, Singapore 409634',
	 'discount': u'54',
	 'expiry': 1327075200,
	 'imgsrc': u'http://www.streetdeal.sg/images/deals/76967213662966.jpg',
	 'location': '1.321675,103.89444',
	 'merchant': u'Hangtech',
	 'original_source': u'\n                                                ,Blk 1078 Eunos Ave 6,#01-170,\n                                                Singapore 409634',
	 'price': u'369',
	 'title': u'Lowest Price Guarantee! $369 instead of $800 for Automatic Remote-Controlled Laundry Hanger with Delivery &amp; Installation!',
	 'url': 'http://www.streetdeal.sg/deals/view/987/0/64_percent_off_Automatic_Remote-Controlled_Laundry_Hanger_with_Delivery_Installation.html'}
2012-01-19 23:05:07+0000 [streetdeal_sg] INFO: Dumping spider stats:
	{'downloader/request_bytes': 11077,
	 'downloader/request_count': 34,
	 'downloader/request_method_count/GET': 34,
	 'downloader/response_bytes': 4255381,
	 'downloader/response_count': 34,
	 'downloader/response_status_count/200': 34,
	 'finish_reason': 'shutdown',
	 'finish_time': datetime.datetime(2012, 1, 19, 23, 5, 7, 527053),
	 'item_scraped_count': 33,
	 'request_depth_max': 1,
	 'scheduler/memory_enqueued': 35,
	 'start_time': datetime.datetime(2012, 1, 19, 22, 58, 55, 298814)}
2012-01-19 23:05:07+0000 [streetdeal_sg] INFO: Spider closed (shutdown)
2012-01-19 23:05:07+0000 [scrapy] INFO: Dumping global stats:
	{'memusage/max': 215842816, 'memusage/startup': 95981568}
